[2025-11-02T08:37:48.154+0000] {taskinstance.py:1956} INFO - Dependencies all met for dep_context=non-requeueable deps ti=<TaskInstance: workshop_final_etl.extract_data manual__2025-11-02T08:37:45.805083+00:00 [queued]>
[2025-11-02T08:37:48.169+0000] {taskinstance.py:1956} INFO - Dependencies all met for dep_context=requeueable deps ti=<TaskInstance: workshop_final_etl.extract_data manual__2025-11-02T08:37:45.805083+00:00 [queued]>
[2025-11-02T08:37:48.171+0000] {taskinstance.py:2170} INFO - Starting attempt 1 of 3
[2025-11-02T08:37:48.193+0000] {taskinstance.py:2191} INFO - Executing <Task(PythonOperator): extract_data> on 2025-11-02 08:37:45.805083+00:00
[2025-11-02T08:37:48.202+0000] {standard_task_runner.py:60} INFO - Started process 240 to run task
[2025-11-02T08:37:48.209+0000] {standard_task_runner.py:87} INFO - Running: ['***', 'tasks', 'run', 'workshop_final_etl', 'extract_data', 'manual__2025-11-02T08:37:45.805083+00:00', '--job-id', '5', '--raw', '--subdir', 'DAGS_FOLDER/workshop_etl.py', '--cfg-path', '/tmp/tmpp3jrzvel']
[2025-11-02T08:37:48.216+0000] {standard_task_runner.py:88} INFO - Job 5: Subtask extract_data
[2025-11-02T08:37:48.312+0000] {task_command.py:423} INFO - Running <TaskInstance: workshop_final_etl.extract_data manual__2025-11-02T08:37:45.805083+00:00 [running]> on host 00dc55057714
[2025-11-02T08:37:48.481+0000] {taskinstance.py:2480} INFO - Exporting env vars: AIRFLOW_CTX_DAG_OWNER='***' AIRFLOW_CTX_DAG_ID='workshop_final_etl' AIRFLOW_CTX_TASK_ID='extract_data' AIRFLOW_CTX_EXECUTION_DATE='2025-11-02T08:37:45.805083+00:00' AIRFLOW_CTX_TRY_NUMBER='1' AIRFLOW_CTX_DAG_RUN_ID='manual__2025-11-02T08:37:45.805083+00:00'
[2025-11-02T08:37:48.485+0000] {workshop_etl.py:56} INFO - Iniciando Tarea de Extracci贸n (E)...
[2025-11-02T08:37:48.487+0000] {extract.py:34} INFO - Iniciando extracci贸n de datos desde: /opt/***/data/raw
[2025-11-02T08:37:48.493+0000] {extract.py:21} INFO - El archivo de tasas de cambio ya existe, no se sobrescribe.
[2025-11-02T08:37:48.671+0000] {extract.py:59} INFO - Extracci贸n de todos los archivos completada exitosamente.
[2025-11-02T08:37:48.672+0000] {workshop_etl.py:61} INFO - Tarea de Extracci贸n (E) completada.
[2025-11-02T08:37:48.673+0000] {python.py:201} INFO - Done. Returned value was: {'customers':      customer_id country   signup_ts marketing_source
0         c00001      ES  2025-02-28              ads
1         c00002      FR  2025-04-10              ads
2         c00003      IT  2024-11-09              ads
3         c00004      MX  2025-05-30              ads
4         c00005      MX  2025-02-15         referral
...          ...     ...         ...              ...
3495      c03496      ES  2024-11-27            email
3496      c03497     NaN  2024-10-09         referral
3497      c03498      NL  2025-07-31         referral
3498      c03499      DE  2025-01-23          organic
3499      c03500      CO  2025-04-28           social

[3500 rows x 4 columns], 'products':     product_id     category  price_list
0        p0001        books       18.53
1        p0002       sports       21.52
2        p0003       beauty       20.97
3        p0004         home       13.66
4        p0005  electronics       27.62
..         ...          ...         ...
115      p0116         toys       30.13
116      p0117       beauty       30.15
117      p0118  electronics      114.56
118      p0119         toys       30.83
119      p0120     clothing       38.64

[120 rows x 3 columns], 'transactions':          txn_id customer_id product_id  ... currency                   ts     status
0      t0000001      c00231      p0054  ...      USD  2025-08-03 11:46:00   refunded
1      t0000002      c02870      p0076  ...      USD  2025-09-22 20:18:00       paid
2      t0000003      c00226      p0057  ...      USD  2025-08-04 22:46:00       paid
3      t0000004      c00922      p0003  ...      USD  2025-09-26 21:37:00  cancelled
4      t0000005      c03021      p0090  ...      EUR  2025-03-20 11:21:00       paid
...         ...         ...        ...  ...      ...                  ...        ...
22345  t0017157      c02782      p0005  ...      EUR  2025-07-27 13:49:00   refunded
22346  t0008192      c00401      p0031  ...      EUR  2025-03-10 14:21:00       paid
22347  t0015767      c01465      p0072  ...      MXN  2025-07-03 14:03:00       paid
22348  t0013979      c01964      p0048  ...      USD  2025-06-05 10:44:00       paid
22349  t0015912      c00667      p0103  ...      USD  2025-03-13 14:46:00       paid

[22350 rows x 7 columns], 'exchange_rates':   currency  rate_to_usd
0      USD        1.000
1      EUR        1.080
2      MXN        0.058
3      BRL        0.180}
[2025-11-02T08:37:48.927+0000] {taskinstance.py:1138} INFO - Marking task as SUCCESS. dag_id=workshop_final_etl, task_id=extract_data, execution_date=20251102T083745, start_date=20251102T083748, end_date=20251102T083748
[2025-11-02T08:37:48.989+0000] {local_task_job_runner.py:234} INFO - Task exited with return code 0
[2025-11-02T08:37:49.040+0000] {taskinstance.py:3280} INFO - 1 downstream tasks scheduled from follow-on schedule check
