[2025-11-02T08:36:06.639+0000] {manager.py:469} INFO - Processing files using up to 2 processes at a time 
[2025-11-02T08:36:06.642+0000] {manager.py:470} INFO - Process each file at most once every 30 seconds
[2025-11-02T08:36:06.643+0000] {manager.py:471} INFO - Checking for new files in /opt/airflow/dags every 300 seconds
[2025-11-02T08:36:06.645+0000] {manager.py:738} INFO - Searching for files in /opt/airflow/dags
[2025-11-02T08:36:06.665+0000] {manager.py:741} INFO - There are 1 files in /opt/airflow/dags
[2025-11-02T08:36:06.854+0000] {manager.py:879} INFO - 
================================================================================
DAG File Processing Stats

File Path                            PID  Runtime      # DAGs    # Errors  Last Runtime    Last Run
---------------------------------  -----  ---------  --------  ----------  --------------  ----------
/opt/airflow/dags/workshop_etl.py    168  0.07s             0           0
================================================================================
[2025-11-02T08:36:37.062+0000] {manager.py:879} INFO - 
================================================================================
DAG File Processing Stats

File Path                          PID    Runtime      # DAGs    # Errors  Last Runtime    Last Run
---------------------------------  -----  ---------  --------  ----------  --------------  -------------------
/opt/airflow/dags/workshop_etl.py                           1           0  2.31s           2025-11-02T08:36:09
================================================================================
[2025-11-02T08:37:07.300+0000] {manager.py:879} INFO - 
================================================================================
DAG File Processing Stats

File Path                          PID    Runtime      # DAGs    # Errors  Last Runtime    Last Run
---------------------------------  -----  ---------  --------  ----------  --------------  -------------------
/opt/airflow/dags/workshop_etl.py                           1           0  0.81s           2025-11-02T08:36:40
================================================================================
[2025-11-02T08:37:37.378+0000] {manager.py:879} INFO - 
================================================================================
DAG File Processing Stats

File Path                          PID    Runtime      # DAGs    # Errors  Last Runtime    Last Run
---------------------------------  -----  ---------  --------  ----------  --------------  -------------------
/opt/airflow/dags/workshop_etl.py                           1           0  0.83s           2025-11-02T08:37:11
================================================================================
[2025-11-02T08:38:07.794+0000] {manager.py:879} INFO - 
================================================================================
DAG File Processing Stats

File Path                          PID    Runtime      # DAGs    # Errors  Last Runtime    Last Run
---------------------------------  -----  ---------  --------  ----------  --------------  -------------------
/opt/airflow/dags/workshop_etl.py                           1           0  0.62s           2025-11-02T08:37:42
================================================================================
[2025-11-02T08:38:37.965+0000] {manager.py:879} INFO - 
================================================================================
DAG File Processing Stats

File Path                          PID    Runtime      # DAGs    # Errors  Last Runtime    Last Run
---------------------------------  -----  ---------  --------  ----------  --------------  -------------------
/opt/airflow/dags/workshop_etl.py                           1           0  0.50s           2025-11-02T08:38:12
================================================================================
[2025-11-02T08:39:08.745+0000] {manager.py:879} INFO - 
================================================================================
DAG File Processing Stats

File Path                          PID    Runtime      # DAGs    # Errors  Last Runtime    Last Run
---------------------------------  -----  ---------  --------  ----------  --------------  -------------------
/opt/airflow/dags/workshop_etl.py                           1           0  0.58s           2025-11-02T08:38:43
================================================================================
[2025-11-02T08:39:39.024+0000] {manager.py:879} INFO - 
================================================================================
DAG File Processing Stats

File Path                          PID    Runtime      # DAGs    # Errors  Last Runtime    Last Run
---------------------------------  -----  ---------  --------  ----------  --------------  -------------------
/opt/airflow/dags/workshop_etl.py                           1           0  0.53s           2025-11-02T08:39:14
================================================================================
[2025-11-02T08:40:09.241+0000] {manager.py:879} INFO - 
================================================================================
DAG File Processing Stats

File Path                          PID    Runtime      # DAGs    # Errors  Last Runtime    Last Run
---------------------------------  -----  ---------  --------  ----------  --------------  -------------------
/opt/airflow/dags/workshop_etl.py                           1           0  0.48s           2025-11-02T08:39:45
================================================================================
[2025-11-02T08:40:40.033+0000] {manager.py:879} INFO - 
================================================================================
DAG File Processing Stats

File Path                          PID    Runtime      # DAGs    # Errors  Last Runtime    Last Run
---------------------------------  -----  ---------  --------  ----------  --------------  -------------------
/opt/airflow/dags/workshop_etl.py                           1           0  0.61s           2025-11-02T08:40:15
================================================================================
[2025-11-02T08:41:06.729+0000] {manager.py:738} INFO - Searching for files in /opt/airflow/dags
[2025-11-02T08:41:06.761+0000] {manager.py:741} INFO - There are 1 files in /opt/airflow/dags
[2025-11-02T08:41:10.354+0000] {manager.py:879} INFO - 
================================================================================
DAG File Processing Stats

File Path                          PID    Runtime      # DAGs    # Errors  Last Runtime    Last Run
---------------------------------  -----  ---------  --------  ----------  --------------  -------------------
/opt/airflow/dags/workshop_etl.py                           1           0  0.48s           2025-11-02T08:40:46
================================================================================
[2025-11-02T08:41:40.601+0000] {manager.py:879} INFO - 
================================================================================
DAG File Processing Stats

File Path                          PID    Runtime      # DAGs    # Errors  Last Runtime    Last Run
---------------------------------  -----  ---------  --------  ----------  --------------  -------------------
/opt/airflow/dags/workshop_etl.py                           1           0  0.57s           2025-11-02T08:41:17
================================================================================
[2025-11-02T08:42:10.914+0000] {manager.py:879} INFO - 
================================================================================
DAG File Processing Stats

File Path                          PID    Runtime      # DAGs    # Errors  Last Runtime    Last Run
---------------------------------  -----  ---------  --------  ----------  --------------  -------------------
/opt/airflow/dags/workshop_etl.py                           1           0  0.57s           2025-11-02T08:41:48
================================================================================
[2025-11-02T08:42:41.148+0000] {manager.py:879} INFO - 
================================================================================
DAG File Processing Stats

File Path                          PID    Runtime      # DAGs    # Errors  Last Runtime    Last Run
---------------------------------  -----  ---------  --------  ----------  --------------  -------------------
/opt/airflow/dags/workshop_etl.py                           1           0  0.57s           2025-11-02T08:42:19
================================================================================
[2025-11-02T08:43:11.501+0000] {manager.py:879} INFO - 
================================================================================
DAG File Processing Stats

File Path                          PID    Runtime      # DAGs    # Errors  Last Runtime    Last Run
---------------------------------  -----  ---------  --------  ----------  --------------  -------------------
/opt/airflow/dags/workshop_etl.py                           1           0  0.55s           2025-11-02T08:42:49
================================================================================
[2025-11-02T08:43:41.728+0000] {manager.py:879} INFO - 
================================================================================
DAG File Processing Stats

File Path                          PID    Runtime      # DAGs    # Errors  Last Runtime    Last Run
---------------------------------  -----  ---------  --------  ----------  --------------  -------------------
/opt/airflow/dags/workshop_etl.py                           1           0  0.59s           2025-11-02T08:43:20
================================================================================
[2025-11-02T08:44:12.025+0000] {manager.py:879} INFO - 
================================================================================
DAG File Processing Stats

File Path                          PID    Runtime      # DAGs    # Errors  Last Runtime    Last Run
---------------------------------  -----  ---------  --------  ----------  --------------  -------------------
/opt/airflow/dags/workshop_etl.py                           1           0  0.58s           2025-11-02T08:43:51
================================================================================
[2025-11-02T08:44:42.285+0000] {manager.py:879} INFO - 
================================================================================
DAG File Processing Stats

File Path                          PID    Runtime      # DAGs    # Errors  Last Runtime    Last Run
---------------------------------  -----  ---------  --------  ----------  --------------  -------------------
/opt/airflow/dags/workshop_etl.py                           1           0  0.58s           2025-11-02T08:44:22
================================================================================
[2025-11-02T08:45:12.647+0000] {manager.py:879} INFO - 
================================================================================
DAG File Processing Stats

File Path                          PID    Runtime      # DAGs    # Errors  Last Runtime    Last Run
---------------------------------  -----  ---------  --------  ----------  --------------  -------------------
/opt/airflow/dags/workshop_etl.py                           1           0  0.54s           2025-11-02T08:44:52
================================================================================
[2025-11-02T08:45:42.867+0000] {manager.py:879} INFO - 
================================================================================
DAG File Processing Stats

File Path                          PID    Runtime      # DAGs    # Errors  Last Runtime    Last Run
---------------------------------  -----  ---------  --------  ----------  --------------  -------------------
/opt/airflow/dags/workshop_etl.py                           1           0  0.74s           2025-11-02T08:45:23
================================================================================
[2025-11-02T08:46:06.952+0000] {manager.py:738} INFO - Searching for files in /opt/airflow/dags
[2025-11-02T08:46:06.979+0000] {manager.py:741} INFO - There are 1 files in /opt/airflow/dags
[2025-11-02T08:46:13.042+0000] {manager.py:879} INFO - 
================================================================================
DAG File Processing Stats

File Path                          PID    Runtime      # DAGs    # Errors  Last Runtime    Last Run
---------------------------------  -----  ---------  --------  ----------  --------------  -------------------
/opt/airflow/dags/workshop_etl.py                           1           0  0.87s           2025-11-02T08:45:54
================================================================================
[2025-11-02T08:46:43.186+0000] {manager.py:879} INFO - 
================================================================================
DAG File Processing Stats

File Path                          PID    Runtime      # DAGs    # Errors  Last Runtime    Last Run
---------------------------------  -----  ---------  --------  ----------  --------------  -------------------
/opt/airflow/dags/workshop_etl.py                           1           0  0.87s           2025-11-02T08:46:26
================================================================================
[2025-11-02T08:47:13.188+0000] {manager.py:879} INFO - 
================================================================================
DAG File Processing Stats

File Path                          PID    Runtime      # DAGs    # Errors  Last Runtime    Last Run
---------------------------------  -----  ---------  --------  ----------  --------------  -------------------
/opt/airflow/dags/workshop_etl.py                           1           0  0.75s           2025-11-02T08:46:57
================================================================================
[2025-11-02T08:47:43.436+0000] {manager.py:879} INFO - 
================================================================================
DAG File Processing Stats

File Path                          PID    Runtime      # DAGs    # Errors  Last Runtime    Last Run
---------------------------------  -----  ---------  --------  ----------  --------------  -------------------
/opt/airflow/dags/workshop_etl.py                           1           0  0.52s           2025-11-02T08:47:27
================================================================================
[2025-11-02T08:48:13.676+0000] {manager.py:879} INFO - 
================================================================================
DAG File Processing Stats

File Path                          PID    Runtime      # DAGs    # Errors  Last Runtime    Last Run
---------------------------------  -----  ---------  --------  ----------  --------------  -------------------
/opt/airflow/dags/workshop_etl.py                           1           0  0.55s           2025-11-02T08:47:58
================================================================================
[2025-11-02T08:48:44.021+0000] {manager.py:879} INFO - 
================================================================================
DAG File Processing Stats

File Path                          PID    Runtime      # DAGs    # Errors  Last Runtime    Last Run
---------------------------------  -----  ---------  --------  ----------  --------------  -------------------
/opt/airflow/dags/workshop_etl.py                           1           0  0.58s           2025-11-02T08:48:29
================================================================================
[2025-11-02T08:49:14.254+0000] {manager.py:879} INFO - 
================================================================================
DAG File Processing Stats

File Path                          PID    Runtime      # DAGs    # Errors  Last Runtime    Last Run
---------------------------------  -----  ---------  --------  ----------  --------------  -------------------
/opt/airflow/dags/workshop_etl.py                           1           0  0.50s           2025-11-02T08:49:00
================================================================================
[2025-11-02T08:49:44.524+0000] {manager.py:879} INFO - 
================================================================================
DAG File Processing Stats

File Path                          PID    Runtime      # DAGs    # Errors  Last Runtime    Last Run
---------------------------------  -----  ---------  --------  ----------  --------------  -------------------
/opt/airflow/dags/workshop_etl.py                           1           0  0.49s           2025-11-02T08:49:30
================================================================================
[2025-11-02T08:50:14.731+0000] {manager.py:879} INFO - 
================================================================================
DAG File Processing Stats

File Path                          PID    Runtime      # DAGs    # Errors  Last Runtime    Last Run
---------------------------------  -----  ---------  --------  ----------  --------------  -------------------
/opt/airflow/dags/workshop_etl.py                           1           0  0.48s           2025-11-02T08:50:01
================================================================================
[2025-11-02T08:50:44.841+0000] {manager.py:879} INFO - 
================================================================================
DAG File Processing Stats

File Path                          PID    Runtime      # DAGs    # Errors  Last Runtime    Last Run
---------------------------------  -----  ---------  --------  ----------  --------------  -------------------
/opt/airflow/dags/workshop_etl.py                           1           0  0.87s           2025-11-02T08:50:32
================================================================================
[2025-11-02T08:51:07.027+0000] {manager.py:738} INFO - Searching for files in /opt/airflow/dags
[2025-11-02T08:51:07.056+0000] {manager.py:741} INFO - There are 1 files in /opt/airflow/dags
[2025-11-02T08:51:15.134+0000] {manager.py:879} INFO - 
================================================================================
DAG File Processing Stats

File Path                          PID    Runtime      # DAGs    # Errors  Last Runtime    Last Run
---------------------------------  -----  ---------  --------  ----------  --------------  -------------------
/opt/airflow/dags/workshop_etl.py                           1           0  0.63s           2025-11-02T08:51:03
================================================================================
[2025-11-02T08:51:45.363+0000] {manager.py:879} INFO - 
================================================================================
DAG File Processing Stats

File Path                          PID    Runtime      # DAGs    # Errors  Last Runtime    Last Run
---------------------------------  -----  ---------  --------  ----------  --------------  -------------------
/opt/airflow/dags/workshop_etl.py                           1           0  0.55s           2025-11-02T08:51:34
================================================================================
[2025-11-02T08:52:15.755+0000] {manager.py:879} INFO - 
================================================================================
DAG File Processing Stats

File Path                          PID    Runtime      # DAGs    # Errors  Last Runtime    Last Run
---------------------------------  -----  ---------  --------  ----------  --------------  -------------------
/opt/airflow/dags/workshop_etl.py                           1           0  0.48s           2025-11-02T08:52:04
================================================================================
[2025-11-02T08:52:45.908+0000] {manager.py:879} INFO - 
================================================================================
DAG File Processing Stats

File Path                          PID    Runtime      # DAGs    # Errors  Last Runtime    Last Run
---------------------------------  -----  ---------  --------  ----------  --------------  -------------------
/opt/airflow/dags/workshop_etl.py                           1           0  0.56s           2025-11-02T08:52:35
================================================================================
[2025-11-02T08:53:16.589+0000] {manager.py:879} INFO - 
================================================================================
DAG File Processing Stats

File Path                          PID    Runtime      # DAGs    # Errors  Last Runtime    Last Run
---------------------------------  -----  ---------  --------  ----------  --------------  -------------------
/opt/airflow/dags/workshop_etl.py                           1           0  0.47s           2025-11-02T08:53:06
================================================================================
[2025-11-02T08:53:46.850+0000] {manager.py:879} INFO - 
================================================================================
DAG File Processing Stats

File Path                          PID    Runtime      # DAGs    # Errors  Last Runtime    Last Run
---------------------------------  -----  ---------  --------  ----------  --------------  -------------------
/opt/airflow/dags/workshop_etl.py                           1           0  0.49s           2025-11-02T08:53:37
================================================================================
[2025-11-02T08:54:17.009+0000] {manager.py:879} INFO - 
================================================================================
DAG File Processing Stats

File Path                          PID    Runtime      # DAGs    # Errors  Last Runtime    Last Run
---------------------------------  -----  ---------  --------  ----------  --------------  -------------------
/opt/airflow/dags/workshop_etl.py                           1           0  0.44s           2025-11-02T08:54:07
================================================================================
[2025-11-02T08:54:47.286+0000] {manager.py:879} INFO - 
================================================================================
DAG File Processing Stats

File Path                          PID    Runtime      # DAGs    # Errors  Last Runtime    Last Run
---------------------------------  -----  ---------  --------  ----------  --------------  -------------------
/opt/airflow/dags/workshop_etl.py                           1           0  0.78s           2025-11-02T08:54:39
================================================================================
[2025-11-02T08:55:18.087+0000] {manager.py:879} INFO - 
================================================================================
DAG File Processing Stats

File Path                          PID    Runtime      # DAGs    # Errors  Last Runtime    Last Run
---------------------------------  -----  ---------  --------  ----------  --------------  -------------------
/opt/airflow/dags/workshop_etl.py                           1           0  0.53s           2025-11-02T08:55:10
================================================================================
[2025-11-02T08:55:48.372+0000] {manager.py:879} INFO - 
================================================================================
DAG File Processing Stats

File Path                          PID    Runtime      # DAGs    # Errors  Last Runtime    Last Run
---------------------------------  -----  ---------  --------  ----------  --------------  -------------------
/opt/airflow/dags/workshop_etl.py                           1           0  0.56s           2025-11-02T08:55:40
================================================================================
[2025-11-02T08:56:07.033+0000] {manager.py:738} INFO - Searching for files in /opt/airflow/dags
[2025-11-02T08:56:07.104+0000] {manager.py:741} INFO - There are 1 files in /opt/airflow/dags
[2025-11-02T08:56:18.652+0000] {manager.py:879} INFO - 
================================================================================
DAG File Processing Stats

File Path                          PID    Runtime      # DAGs    # Errors  Last Runtime    Last Run
---------------------------------  -----  ---------  --------  ----------  --------------  -------------------
/opt/airflow/dags/workshop_etl.py                           1           0  0.46s           2025-11-02T08:56:11
================================================================================
[2025-11-02T08:56:48.311+0000] {manager.py:451} INFO - Exiting gracefully upon receiving signal 15
