[2025-11-02T08:36:06.835+0000] {processor.py:161} INFO - Started process (PID=168) to work on /opt/airflow/dags/workshop_etl.py
[2025-11-02T08:36:06.837+0000] {processor.py:830} INFO - Processing file /opt/airflow/dags/workshop_etl.py for tasks to queue
[2025-11-02T08:36:06.839+0000] {logging_mixin.py:188} INFO - [2025-11-02T08:36:06.838+0000] {dagbag.py:538} INFO - Filling up the DagBag from /opt/airflow/dags/workshop_etl.py
[2025-11-02T08:36:08.723+0000] {processor.py:840} INFO - DAG(s) 'workshop_final_etl' retrieved from /opt/airflow/dags/workshop_etl.py
[2025-11-02T08:36:08.992+0000] {logging_mixin.py:188} INFO - [2025-11-02T08:36:08.991+0000] {override.py:1769} INFO - Created Permission View: can delete on DAG:workshop_final_etl
[2025-11-02T08:36:09.003+0000] {logging_mixin.py:188} INFO - [2025-11-02T08:36:09.003+0000] {override.py:1769} INFO - Created Permission View: can read on DAG:workshop_final_etl
[2025-11-02T08:36:09.013+0000] {logging_mixin.py:188} INFO - [2025-11-02T08:36:09.013+0000] {override.py:1769} INFO - Created Permission View: can edit on DAG:workshop_final_etl
[2025-11-02T08:36:09.014+0000] {logging_mixin.py:188} INFO - [2025-11-02T08:36:09.014+0000] {dag.py:3036} INFO - Sync 1 DAGs
[2025-11-02T08:36:09.024+0000] {logging_mixin.py:188} INFO - [2025-11-02T08:36:09.024+0000] {dag.py:3058} INFO - Creating ORM DAG for workshop_final_etl
[2025-11-02T08:36:09.037+0000] {logging_mixin.py:188} INFO - [2025-11-02T08:36:09.037+0000] {dag.py:3823} INFO - Setting next_dagrun for workshop_final_etl to 2025-11-01 00:00:00+00:00, run_after=2025-11-02 00:00:00+00:00
[2025-11-02T08:36:09.076+0000] {processor.py:183} INFO - Processing /opt/airflow/dags/workshop_etl.py took 2.245 seconds
[2025-11-02T08:36:39.361+0000] {processor.py:161} INFO - Started process (PID=174) to work on /opt/airflow/dags/workshop_etl.py
[2025-11-02T08:36:39.364+0000] {processor.py:830} INFO - Processing file /opt/airflow/dags/workshop_etl.py for tasks to queue
[2025-11-02T08:36:39.367+0000] {logging_mixin.py:188} INFO - [2025-11-02T08:36:39.366+0000] {dagbag.py:538} INFO - Filling up the DagBag from /opt/airflow/dags/workshop_etl.py
[2025-11-02T08:36:39.934+0000] {processor.py:840} INFO - DAG(s) 'workshop_final_etl' retrieved from /opt/airflow/dags/workshop_etl.py
[2025-11-02T08:36:39.997+0000] {logging_mixin.py:188} INFO - [2025-11-02T08:36:39.996+0000] {dag.py:3036} INFO - Sync 1 DAGs
[2025-11-02T08:36:40.058+0000] {logging_mixin.py:188} INFO - [2025-11-02T08:36:40.058+0000] {dag.py:3823} INFO - Setting next_dagrun for workshop_final_etl to 2025-11-01 00:00:00+00:00, run_after=2025-11-02 00:00:00+00:00
[2025-11-02T08:36:40.105+0000] {processor.py:183} INFO - Processing /opt/airflow/dags/workshop_etl.py took 0.750 seconds
[2025-11-02T08:37:10.394+0000] {processor.py:161} INFO - Started process (PID=180) to work on /opt/airflow/dags/workshop_etl.py
[2025-11-02T08:37:10.397+0000] {processor.py:830} INFO - Processing file /opt/airflow/dags/workshop_etl.py for tasks to queue
[2025-11-02T08:37:10.401+0000] {logging_mixin.py:188} INFO - [2025-11-02T08:37:10.400+0000] {dagbag.py:538} INFO - Filling up the DagBag from /opt/airflow/dags/workshop_etl.py
[2025-11-02T08:37:10.971+0000] {processor.py:840} INFO - DAG(s) 'workshop_final_etl' retrieved from /opt/airflow/dags/workshop_etl.py
[2025-11-02T08:37:11.030+0000] {logging_mixin.py:188} INFO - [2025-11-02T08:37:11.029+0000] {dag.py:3036} INFO - Sync 1 DAGs
[2025-11-02T08:37:11.076+0000] {logging_mixin.py:188} INFO - [2025-11-02T08:37:11.075+0000] {dag.py:3823} INFO - Setting next_dagrun for workshop_final_etl to 2025-11-01 00:00:00+00:00, run_after=2025-11-02 00:00:00+00:00
[2025-11-02T08:37:11.148+0000] {processor.py:183} INFO - Processing /opt/airflow/dags/workshop_etl.py took 0.760 seconds
[2025-11-02T08:37:41.457+0000] {processor.py:161} INFO - Started process (PID=232) to work on /opt/airflow/dags/workshop_etl.py
[2025-11-02T08:37:41.459+0000] {processor.py:830} INFO - Processing file /opt/airflow/dags/workshop_etl.py for tasks to queue
[2025-11-02T08:37:41.461+0000] {logging_mixin.py:188} INFO - [2025-11-02T08:37:41.460+0000] {dagbag.py:538} INFO - Filling up the DagBag from /opt/airflow/dags/workshop_etl.py
[2025-11-02T08:37:41.928+0000] {processor.py:840} INFO - DAG(s) 'workshop_final_etl' retrieved from /opt/airflow/dags/workshop_etl.py
[2025-11-02T08:37:41.970+0000] {logging_mixin.py:188} INFO - [2025-11-02T08:37:41.970+0000] {dag.py:3036} INFO - Sync 1 DAGs
[2025-11-02T08:37:41.995+0000] {logging_mixin.py:188} INFO - [2025-11-02T08:37:41.994+0000] {dag.py:3823} INFO - Setting next_dagrun for workshop_final_etl to 2025-11-02 00:00:00+00:00, run_after=2025-11-03 00:00:00+00:00
[2025-11-02T08:37:42.026+0000] {processor.py:183} INFO - Processing /opt/airflow/dags/workshop_etl.py took 0.573 seconds
[2025-11-02T08:38:12.307+0000] {processor.py:161} INFO - Started process (PID=284) to work on /opt/airflow/dags/workshop_etl.py
[2025-11-02T08:38:12.309+0000] {processor.py:830} INFO - Processing file /opt/airflow/dags/workshop_etl.py for tasks to queue
[2025-11-02T08:38:12.310+0000] {logging_mixin.py:188} INFO - [2025-11-02T08:38:12.310+0000] {dagbag.py:538} INFO - Filling up the DagBag from /opt/airflow/dags/workshop_etl.py
[2025-11-02T08:38:12.677+0000] {processor.py:840} INFO - DAG(s) 'workshop_final_etl' retrieved from /opt/airflow/dags/workshop_etl.py
[2025-11-02T08:38:12.710+0000] {logging_mixin.py:188} INFO - [2025-11-02T08:38:12.710+0000] {dag.py:3036} INFO - Sync 1 DAGs
[2025-11-02T08:38:12.738+0000] {logging_mixin.py:188} INFO - [2025-11-02T08:38:12.737+0000] {dag.py:3823} INFO - Setting next_dagrun for workshop_final_etl to 2025-11-02 00:00:00+00:00, run_after=2025-11-03 00:00:00+00:00
[2025-11-02T08:38:12.766+0000] {processor.py:183} INFO - Processing /opt/airflow/dags/workshop_etl.py took 0.464 seconds
[2025-11-02T08:38:43.065+0000] {processor.py:161} INFO - Started process (PID=290) to work on /opt/airflow/dags/workshop_etl.py
[2025-11-02T08:38:43.068+0000] {processor.py:830} INFO - Processing file /opt/airflow/dags/workshop_etl.py for tasks to queue
[2025-11-02T08:38:43.072+0000] {logging_mixin.py:188} INFO - [2025-11-02T08:38:43.070+0000] {dagbag.py:538} INFO - Filling up the DagBag from /opt/airflow/dags/workshop_etl.py
[2025-11-02T08:38:43.497+0000] {processor.py:840} INFO - DAG(s) 'workshop_final_etl' retrieved from /opt/airflow/dags/workshop_etl.py
[2025-11-02T08:38:43.534+0000] {logging_mixin.py:188} INFO - [2025-11-02T08:38:43.534+0000] {dag.py:3036} INFO - Sync 1 DAGs
[2025-11-02T08:38:43.564+0000] {logging_mixin.py:188} INFO - [2025-11-02T08:38:43.564+0000] {dag.py:3823} INFO - Setting next_dagrun for workshop_final_etl to 2025-11-02 00:00:00+00:00, run_after=2025-11-03 00:00:00+00:00
[2025-11-02T08:38:43.589+0000] {processor.py:183} INFO - Processing /opt/airflow/dags/workshop_etl.py took 0.531 seconds
[2025-11-02T08:39:13.834+0000] {processor.py:161} INFO - Started process (PID=296) to work on /opt/airflow/dags/workshop_etl.py
[2025-11-02T08:39:13.836+0000] {processor.py:830} INFO - Processing file /opt/airflow/dags/workshop_etl.py for tasks to queue
[2025-11-02T08:39:13.838+0000] {logging_mixin.py:188} INFO - [2025-11-02T08:39:13.837+0000] {dagbag.py:538} INFO - Filling up the DagBag from /opt/airflow/dags/workshop_etl.py
[2025-11-02T08:39:14.232+0000] {processor.py:840} INFO - DAG(s) 'workshop_final_etl' retrieved from /opt/airflow/dags/workshop_etl.py
[2025-11-02T08:39:14.265+0000] {logging_mixin.py:188} INFO - [2025-11-02T08:39:14.264+0000] {dag.py:3036} INFO - Sync 1 DAGs
[2025-11-02T08:39:14.287+0000] {logging_mixin.py:188} INFO - [2025-11-02T08:39:14.287+0000] {dag.py:3823} INFO - Setting next_dagrun for workshop_final_etl to 2025-11-02 00:00:00+00:00, run_after=2025-11-03 00:00:00+00:00
[2025-11-02T08:39:14.312+0000] {processor.py:183} INFO - Processing /opt/airflow/dags/workshop_etl.py took 0.484 seconds
[2025-11-02T08:39:44.578+0000] {processor.py:161} INFO - Started process (PID=302) to work on /opt/airflow/dags/workshop_etl.py
[2025-11-02T08:39:44.579+0000] {processor.py:830} INFO - Processing file /opt/airflow/dags/workshop_etl.py for tasks to queue
[2025-11-02T08:39:44.580+0000] {logging_mixin.py:188} INFO - [2025-11-02T08:39:44.580+0000] {dagbag.py:538} INFO - Filling up the DagBag from /opt/airflow/dags/workshop_etl.py
[2025-11-02T08:39:44.946+0000] {processor.py:840} INFO - DAG(s) 'workshop_final_etl' retrieved from /opt/airflow/dags/workshop_etl.py
[2025-11-02T08:39:44.982+0000] {logging_mixin.py:188} INFO - [2025-11-02T08:39:44.982+0000] {dag.py:3036} INFO - Sync 1 DAGs
[2025-11-02T08:39:45.004+0000] {logging_mixin.py:188} INFO - [2025-11-02T08:39:45.004+0000] {dag.py:3823} INFO - Setting next_dagrun for workshop_final_etl to 2025-11-02 00:00:00+00:00, run_after=2025-11-03 00:00:00+00:00
[2025-11-02T08:39:45.025+0000] {processor.py:183} INFO - Processing /opt/airflow/dags/workshop_etl.py took 0.451 seconds
[2025-11-02T08:40:15.325+0000] {processor.py:161} INFO - Started process (PID=308) to work on /opt/airflow/dags/workshop_etl.py
[2025-11-02T08:40:15.327+0000] {processor.py:830} INFO - Processing file /opt/airflow/dags/workshop_etl.py for tasks to queue
[2025-11-02T08:40:15.328+0000] {logging_mixin.py:188} INFO - [2025-11-02T08:40:15.328+0000] {dagbag.py:538} INFO - Filling up the DagBag from /opt/airflow/dags/workshop_etl.py
[2025-11-02T08:40:15.749+0000] {processor.py:840} INFO - DAG(s) 'workshop_final_etl' retrieved from /opt/airflow/dags/workshop_etl.py
[2025-11-02T08:40:15.792+0000] {logging_mixin.py:188} INFO - [2025-11-02T08:40:15.791+0000] {dag.py:3036} INFO - Sync 1 DAGs
[2025-11-02T08:40:15.835+0000] {logging_mixin.py:188} INFO - [2025-11-02T08:40:15.835+0000] {dag.py:3823} INFO - Setting next_dagrun for workshop_final_etl to 2025-11-02 00:00:00+00:00, run_after=2025-11-03 00:00:00+00:00
[2025-11-02T08:40:15.883+0000] {processor.py:183} INFO - Processing /opt/airflow/dags/workshop_etl.py took 0.562 seconds
[2025-11-02T08:40:46.125+0000] {processor.py:161} INFO - Started process (PID=314) to work on /opt/airflow/dags/workshop_etl.py
[2025-11-02T08:40:46.126+0000] {processor.py:830} INFO - Processing file /opt/airflow/dags/workshop_etl.py for tasks to queue
[2025-11-02T08:40:46.128+0000] {logging_mixin.py:188} INFO - [2025-11-02T08:40:46.127+0000] {dagbag.py:538} INFO - Filling up the DagBag from /opt/airflow/dags/workshop_etl.py
[2025-11-02T08:40:46.473+0000] {processor.py:840} INFO - DAG(s) 'workshop_final_etl' retrieved from /opt/airflow/dags/workshop_etl.py
[2025-11-02T08:40:46.504+0000] {logging_mixin.py:188} INFO - [2025-11-02T08:40:46.504+0000] {dag.py:3036} INFO - Sync 1 DAGs
[2025-11-02T08:40:46.531+0000] {logging_mixin.py:188} INFO - [2025-11-02T08:40:46.531+0000] {dag.py:3823} INFO - Setting next_dagrun for workshop_final_etl to 2025-11-02 00:00:00+00:00, run_after=2025-11-03 00:00:00+00:00
[2025-11-02T08:40:46.560+0000] {processor.py:183} INFO - Processing /opt/airflow/dags/workshop_etl.py took 0.439 seconds
[2025-11-02T08:41:16.912+0000] {processor.py:161} INFO - Started process (PID=320) to work on /opt/airflow/dags/workshop_etl.py
[2025-11-02T08:41:16.914+0000] {processor.py:830} INFO - Processing file /opt/airflow/dags/workshop_etl.py for tasks to queue
[2025-11-02T08:41:16.916+0000] {logging_mixin.py:188} INFO - [2025-11-02T08:41:16.915+0000] {dagbag.py:538} INFO - Filling up the DagBag from /opt/airflow/dags/workshop_etl.py
[2025-11-02T08:41:17.326+0000] {processor.py:840} INFO - DAG(s) 'workshop_final_etl' retrieved from /opt/airflow/dags/workshop_etl.py
[2025-11-02T08:41:17.364+0000] {logging_mixin.py:188} INFO - [2025-11-02T08:41:17.363+0000] {dag.py:3036} INFO - Sync 1 DAGs
[2025-11-02T08:41:17.394+0000] {logging_mixin.py:188} INFO - [2025-11-02T08:41:17.394+0000] {dag.py:3823} INFO - Setting next_dagrun for workshop_final_etl to 2025-11-02 00:00:00+00:00, run_after=2025-11-03 00:00:00+00:00
[2025-11-02T08:41:17.423+0000] {processor.py:183} INFO - Processing /opt/airflow/dags/workshop_etl.py took 0.514 seconds
[2025-11-02T08:41:47.719+0000] {processor.py:161} INFO - Started process (PID=326) to work on /opt/airflow/dags/workshop_etl.py
[2025-11-02T08:41:47.721+0000] {processor.py:830} INFO - Processing file /opt/airflow/dags/workshop_etl.py for tasks to queue
[2025-11-02T08:41:47.723+0000] {logging_mixin.py:188} INFO - [2025-11-02T08:41:47.722+0000] {dagbag.py:538} INFO - Filling up the DagBag from /opt/airflow/dags/workshop_etl.py
[2025-11-02T08:41:48.155+0000] {processor.py:840} INFO - DAG(s) 'workshop_final_etl' retrieved from /opt/airflow/dags/workshop_etl.py
[2025-11-02T08:41:48.190+0000] {logging_mixin.py:188} INFO - [2025-11-02T08:41:48.189+0000] {dag.py:3036} INFO - Sync 1 DAGs
[2025-11-02T08:41:48.225+0000] {logging_mixin.py:188} INFO - [2025-11-02T08:41:48.225+0000] {dag.py:3823} INFO - Setting next_dagrun for workshop_final_etl to 2025-11-02 00:00:00+00:00, run_after=2025-11-03 00:00:00+00:00
[2025-11-02T08:41:48.247+0000] {processor.py:183} INFO - Processing /opt/airflow/dags/workshop_etl.py took 0.533 seconds
[2025-11-02T08:42:18.584+0000] {processor.py:161} INFO - Started process (PID=332) to work on /opt/airflow/dags/workshop_etl.py
[2025-11-02T08:42:18.587+0000] {processor.py:830} INFO - Processing file /opt/airflow/dags/workshop_etl.py for tasks to queue
[2025-11-02T08:42:18.589+0000] {logging_mixin.py:188} INFO - [2025-11-02T08:42:18.588+0000] {dagbag.py:538} INFO - Filling up the DagBag from /opt/airflow/dags/workshop_etl.py
[2025-11-02T08:42:18.991+0000] {processor.py:840} INFO - DAG(s) 'workshop_final_etl' retrieved from /opt/airflow/dags/workshop_etl.py
[2025-11-02T08:42:19.033+0000] {logging_mixin.py:188} INFO - [2025-11-02T08:42:19.032+0000] {dag.py:3036} INFO - Sync 1 DAGs
[2025-11-02T08:42:19.068+0000] {logging_mixin.py:188} INFO - [2025-11-02T08:42:19.067+0000] {dag.py:3823} INFO - Setting next_dagrun for workshop_final_etl to 2025-11-02 00:00:00+00:00, run_after=2025-11-03 00:00:00+00:00
[2025-11-02T08:42:19.097+0000] {processor.py:183} INFO - Processing /opt/airflow/dags/workshop_etl.py took 0.520 seconds
[2025-11-02T08:42:49.258+0000] {processor.py:161} INFO - Started process (PID=338) to work on /opt/airflow/dags/workshop_etl.py
[2025-11-02T08:42:49.261+0000] {processor.py:830} INFO - Processing file /opt/airflow/dags/workshop_etl.py for tasks to queue
[2025-11-02T08:42:49.262+0000] {logging_mixin.py:188} INFO - [2025-11-02T08:42:49.262+0000] {dagbag.py:538} INFO - Filling up the DagBag from /opt/airflow/dags/workshop_etl.py
[2025-11-02T08:42:49.682+0000] {processor.py:840} INFO - DAG(s) 'workshop_final_etl' retrieved from /opt/airflow/dags/workshop_etl.py
[2025-11-02T08:42:49.714+0000] {logging_mixin.py:188} INFO - [2025-11-02T08:42:49.714+0000] {dag.py:3036} INFO - Sync 1 DAGs
[2025-11-02T08:42:49.742+0000] {logging_mixin.py:188} INFO - [2025-11-02T08:42:49.742+0000] {dag.py:3823} INFO - Setting next_dagrun for workshop_final_etl to 2025-11-02 00:00:00+00:00, run_after=2025-11-03 00:00:00+00:00
[2025-11-02T08:42:49.766+0000] {processor.py:183} INFO - Processing /opt/airflow/dags/workshop_etl.py took 0.513 seconds
[2025-11-02T08:43:20.078+0000] {processor.py:161} INFO - Started process (PID=344) to work on /opt/airflow/dags/workshop_etl.py
[2025-11-02T08:43:20.081+0000] {processor.py:830} INFO - Processing file /opt/airflow/dags/workshop_etl.py for tasks to queue
[2025-11-02T08:43:20.082+0000] {logging_mixin.py:188} INFO - [2025-11-02T08:43:20.082+0000] {dagbag.py:538} INFO - Filling up the DagBag from /opt/airflow/dags/workshop_etl.py
[2025-11-02T08:43:20.519+0000] {processor.py:840} INFO - DAG(s) 'workshop_final_etl' retrieved from /opt/airflow/dags/workshop_etl.py
[2025-11-02T08:43:20.555+0000] {logging_mixin.py:188} INFO - [2025-11-02T08:43:20.554+0000] {dag.py:3036} INFO - Sync 1 DAGs
[2025-11-02T08:43:20.584+0000] {logging_mixin.py:188} INFO - [2025-11-02T08:43:20.584+0000] {dag.py:3823} INFO - Setting next_dagrun for workshop_final_etl to 2025-11-02 00:00:00+00:00, run_after=2025-11-03 00:00:00+00:00
[2025-11-02T08:43:20.612+0000] {processor.py:183} INFO - Processing /opt/airflow/dags/workshop_etl.py took 0.541 seconds
[2025-11-02T08:43:50.834+0000] {processor.py:161} INFO - Started process (PID=350) to work on /opt/airflow/dags/workshop_etl.py
[2025-11-02T08:43:50.836+0000] {processor.py:830} INFO - Processing file /opt/airflow/dags/workshop_etl.py for tasks to queue
[2025-11-02T08:43:50.837+0000] {logging_mixin.py:188} INFO - [2025-11-02T08:43:50.837+0000] {dagbag.py:538} INFO - Filling up the DagBag from /opt/airflow/dags/workshop_etl.py
[2025-11-02T08:43:51.268+0000] {processor.py:840} INFO - DAG(s) 'workshop_final_etl' retrieved from /opt/airflow/dags/workshop_etl.py
[2025-11-02T08:43:51.310+0000] {logging_mixin.py:188} INFO - [2025-11-02T08:43:51.310+0000] {dag.py:3036} INFO - Sync 1 DAGs
[2025-11-02T08:43:51.342+0000] {logging_mixin.py:188} INFO - [2025-11-02T08:43:51.342+0000] {dag.py:3823} INFO - Setting next_dagrun for workshop_final_etl to 2025-11-02 00:00:00+00:00, run_after=2025-11-03 00:00:00+00:00
[2025-11-02T08:43:51.374+0000] {processor.py:183} INFO - Processing /opt/airflow/dags/workshop_etl.py took 0.545 seconds
[2025-11-02T08:44:21.702+0000] {processor.py:161} INFO - Started process (PID=356) to work on /opt/airflow/dags/workshop_etl.py
[2025-11-02T08:44:21.704+0000] {processor.py:830} INFO - Processing file /opt/airflow/dags/workshop_etl.py for tasks to queue
[2025-11-02T08:44:21.706+0000] {logging_mixin.py:188} INFO - [2025-11-02T08:44:21.705+0000] {dagbag.py:538} INFO - Filling up the DagBag from /opt/airflow/dags/workshop_etl.py
[2025-11-02T08:44:22.133+0000] {processor.py:840} INFO - DAG(s) 'workshop_final_etl' retrieved from /opt/airflow/dags/workshop_etl.py
[2025-11-02T08:44:22.172+0000] {logging_mixin.py:188} INFO - [2025-11-02T08:44:22.171+0000] {dag.py:3036} INFO - Sync 1 DAGs
[2025-11-02T08:44:22.204+0000] {logging_mixin.py:188} INFO - [2025-11-02T08:44:22.204+0000] {dag.py:3823} INFO - Setting next_dagrun for workshop_final_etl to 2025-11-02 00:00:00+00:00, run_after=2025-11-03 00:00:00+00:00
[2025-11-02T08:44:22.236+0000] {processor.py:183} INFO - Processing /opt/airflow/dags/workshop_etl.py took 0.540 seconds
[2025-11-02T08:44:52.428+0000] {processor.py:161} INFO - Started process (PID=362) to work on /opt/airflow/dags/workshop_etl.py
[2025-11-02T08:44:52.432+0000] {processor.py:830} INFO - Processing file /opt/airflow/dags/workshop_etl.py for tasks to queue
[2025-11-02T08:44:52.435+0000] {logging_mixin.py:188} INFO - [2025-11-02T08:44:52.434+0000] {dagbag.py:538} INFO - Filling up the DagBag from /opt/airflow/dags/workshop_etl.py
[2025-11-02T08:44:52.822+0000] {processor.py:840} INFO - DAG(s) 'workshop_final_etl' retrieved from /opt/airflow/dags/workshop_etl.py
[2025-11-02T08:44:52.855+0000] {logging_mixin.py:188} INFO - [2025-11-02T08:44:52.855+0000] {dag.py:3036} INFO - Sync 1 DAGs
[2025-11-02T08:44:52.885+0000] {logging_mixin.py:188} INFO - [2025-11-02T08:44:52.884+0000] {dag.py:3823} INFO - Setting next_dagrun for workshop_final_etl to 2025-11-02 00:00:00+00:00, run_after=2025-11-03 00:00:00+00:00
[2025-11-02T08:44:52.909+0000] {processor.py:183} INFO - Processing /opt/airflow/dags/workshop_etl.py took 0.491 seconds
[2025-11-02T08:45:23.215+0000] {processor.py:161} INFO - Started process (PID=368) to work on /opt/airflow/dags/workshop_etl.py
[2025-11-02T08:45:23.218+0000] {processor.py:830} INFO - Processing file /opt/airflow/dags/workshop_etl.py for tasks to queue
[2025-11-02T08:45:23.221+0000] {logging_mixin.py:188} INFO - [2025-11-02T08:45:23.220+0000] {dagbag.py:538} INFO - Filling up the DagBag from /opt/airflow/dags/workshop_etl.py
[2025-11-02T08:45:23.761+0000] {processor.py:840} INFO - DAG(s) 'workshop_final_etl' retrieved from /opt/airflow/dags/workshop_etl.py
[2025-11-02T08:45:23.813+0000] {logging_mixin.py:188} INFO - [2025-11-02T08:45:23.812+0000] {dag.py:3036} INFO - Sync 1 DAGs
[2025-11-02T08:45:23.856+0000] {logging_mixin.py:188} INFO - [2025-11-02T08:45:23.856+0000] {dag.py:3823} INFO - Setting next_dagrun for workshop_final_etl to 2025-11-02 00:00:00+00:00, run_after=2025-11-03 00:00:00+00:00
[2025-11-02T08:45:23.895+0000] {processor.py:183} INFO - Processing /opt/airflow/dags/workshop_etl.py took 0.685 seconds
[2025-11-02T08:45:54.033+0000] {processor.py:161} INFO - Started process (PID=374) to work on /opt/airflow/dags/workshop_etl.py
[2025-11-02T08:45:54.036+0000] {processor.py:830} INFO - Processing file /opt/airflow/dags/workshop_etl.py for tasks to queue
[2025-11-02T08:45:54.040+0000] {logging_mixin.py:188} INFO - [2025-11-02T08:45:54.039+0000] {dagbag.py:538} INFO - Filling up the DagBag from /opt/airflow/dags/workshop_etl.py
[2025-11-02T08:45:54.684+0000] {processor.py:840} INFO - DAG(s) 'workshop_final_etl' retrieved from /opt/airflow/dags/workshop_etl.py
[2025-11-02T08:45:54.735+0000] {logging_mixin.py:188} INFO - [2025-11-02T08:45:54.734+0000] {dag.py:3036} INFO - Sync 1 DAGs
[2025-11-02T08:45:54.781+0000] {logging_mixin.py:188} INFO - [2025-11-02T08:45:54.781+0000] {dag.py:3823} INFO - Setting next_dagrun for workshop_final_etl to 2025-11-02 00:00:00+00:00, run_after=2025-11-03 00:00:00+00:00
[2025-11-02T08:45:54.824+0000] {processor.py:183} INFO - Processing /opt/airflow/dags/workshop_etl.py took 0.801 seconds
[2025-11-02T08:46:25.203+0000] {processor.py:161} INFO - Started process (PID=380) to work on /opt/airflow/dags/workshop_etl.py
[2025-11-02T08:46:25.206+0000] {processor.py:830} INFO - Processing file /opt/airflow/dags/workshop_etl.py for tasks to queue
[2025-11-02T08:46:25.209+0000] {logging_mixin.py:188} INFO - [2025-11-02T08:46:25.208+0000] {dagbag.py:538} INFO - Filling up the DagBag from /opt/airflow/dags/workshop_etl.py
[2025-11-02T08:46:25.804+0000] {processor.py:840} INFO - DAG(s) 'workshop_final_etl' retrieved from /opt/airflow/dags/workshop_etl.py
[2025-11-02T08:46:25.871+0000] {logging_mixin.py:188} INFO - [2025-11-02T08:46:25.870+0000] {dag.py:3036} INFO - Sync 1 DAGs
[2025-11-02T08:46:25.948+0000] {logging_mixin.py:188} INFO - [2025-11-02T08:46:25.947+0000] {dag.py:3823} INFO - Setting next_dagrun for workshop_final_etl to 2025-11-02 00:00:00+00:00, run_after=2025-11-03 00:00:00+00:00
[2025-11-02T08:46:26.007+0000] {processor.py:183} INFO - Processing /opt/airflow/dags/workshop_etl.py took 0.811 seconds
[2025-11-02T08:46:56.336+0000] {processor.py:161} INFO - Started process (PID=386) to work on /opt/airflow/dags/workshop_etl.py
[2025-11-02T08:46:56.338+0000] {processor.py:830} INFO - Processing file /opt/airflow/dags/workshop_etl.py for tasks to queue
[2025-11-02T08:46:56.340+0000] {logging_mixin.py:188} INFO - [2025-11-02T08:46:56.339+0000] {dagbag.py:538} INFO - Filling up the DagBag from /opt/airflow/dags/workshop_etl.py
[2025-11-02T08:46:56.905+0000] {processor.py:840} INFO - DAG(s) 'workshop_final_etl' retrieved from /opt/airflow/dags/workshop_etl.py
[2025-11-02T08:46:56.986+0000] {logging_mixin.py:188} INFO - [2025-11-02T08:46:56.985+0000] {dag.py:3036} INFO - Sync 1 DAGs
[2025-11-02T08:46:57.022+0000] {logging_mixin.py:188} INFO - [2025-11-02T08:46:57.021+0000] {dag.py:3823} INFO - Setting next_dagrun for workshop_final_etl to 2025-11-02 00:00:00+00:00, run_after=2025-11-03 00:00:00+00:00
[2025-11-02T08:46:57.044+0000] {processor.py:183} INFO - Processing /opt/airflow/dags/workshop_etl.py took 0.714 seconds
[2025-11-02T08:47:27.336+0000] {processor.py:161} INFO - Started process (PID=392) to work on /opt/airflow/dags/workshop_etl.py
[2025-11-02T08:47:27.337+0000] {processor.py:830} INFO - Processing file /opt/airflow/dags/workshop_etl.py for tasks to queue
[2025-11-02T08:47:27.339+0000] {logging_mixin.py:188} INFO - [2025-11-02T08:47:27.338+0000] {dagbag.py:538} INFO - Filling up the DagBag from /opt/airflow/dags/workshop_etl.py
[2025-11-02T08:47:27.714+0000] {processor.py:840} INFO - DAG(s) 'workshop_final_etl' retrieved from /opt/airflow/dags/workshop_etl.py
[2025-11-02T08:47:27.757+0000] {logging_mixin.py:188} INFO - [2025-11-02T08:47:27.756+0000] {dag.py:3036} INFO - Sync 1 DAGs
[2025-11-02T08:47:27.781+0000] {logging_mixin.py:188} INFO - [2025-11-02T08:47:27.781+0000] {dag.py:3823} INFO - Setting next_dagrun for workshop_final_etl to 2025-11-02 00:00:00+00:00, run_after=2025-11-03 00:00:00+00:00
[2025-11-02T08:47:27.818+0000] {processor.py:183} INFO - Processing /opt/airflow/dags/workshop_etl.py took 0.486 seconds
[2025-11-02T08:47:58.146+0000] {processor.py:161} INFO - Started process (PID=398) to work on /opt/airflow/dags/workshop_etl.py
[2025-11-02T08:47:58.147+0000] {processor.py:830} INFO - Processing file /opt/airflow/dags/workshop_etl.py for tasks to queue
[2025-11-02T08:47:58.149+0000] {logging_mixin.py:188} INFO - [2025-11-02T08:47:58.148+0000] {dagbag.py:538} INFO - Filling up the DagBag from /opt/airflow/dags/workshop_etl.py
[2025-11-02T08:47:58.520+0000] {processor.py:840} INFO - DAG(s) 'workshop_final_etl' retrieved from /opt/airflow/dags/workshop_etl.py
[2025-11-02T08:47:58.558+0000] {logging_mixin.py:188} INFO - [2025-11-02T08:47:58.557+0000] {dag.py:3036} INFO - Sync 1 DAGs
[2025-11-02T08:47:58.594+0000] {logging_mixin.py:188} INFO - [2025-11-02T08:47:58.594+0000] {dag.py:3823} INFO - Setting next_dagrun for workshop_final_etl to 2025-11-02 00:00:00+00:00, run_after=2025-11-03 00:00:00+00:00
[2025-11-02T08:47:58.634+0000] {processor.py:183} INFO - Processing /opt/airflow/dags/workshop_etl.py took 0.492 seconds
[2025-11-02T08:48:28.884+0000] {processor.py:161} INFO - Started process (PID=404) to work on /opt/airflow/dags/workshop_etl.py
[2025-11-02T08:48:28.887+0000] {processor.py:830} INFO - Processing file /opt/airflow/dags/workshop_etl.py for tasks to queue
[2025-11-02T08:48:28.888+0000] {logging_mixin.py:188} INFO - [2025-11-02T08:48:28.888+0000] {dagbag.py:538} INFO - Filling up the DagBag from /opt/airflow/dags/workshop_etl.py
[2025-11-02T08:48:29.305+0000] {processor.py:840} INFO - DAG(s) 'workshop_final_etl' retrieved from /opt/airflow/dags/workshop_etl.py
[2025-11-02T08:48:29.334+0000] {logging_mixin.py:188} INFO - [2025-11-02T08:48:29.334+0000] {dag.py:3036} INFO - Sync 1 DAGs
[2025-11-02T08:48:29.365+0000] {logging_mixin.py:188} INFO - [2025-11-02T08:48:29.365+0000] {dag.py:3823} INFO - Setting next_dagrun for workshop_final_etl to 2025-11-02 00:00:00+00:00, run_after=2025-11-03 00:00:00+00:00
[2025-11-02T08:48:29.402+0000] {processor.py:183} INFO - Processing /opt/airflow/dags/workshop_etl.py took 0.522 seconds
[2025-11-02T08:48:59.710+0000] {processor.py:161} INFO - Started process (PID=410) to work on /opt/airflow/dags/workshop_etl.py
[2025-11-02T08:48:59.712+0000] {processor.py:830} INFO - Processing file /opt/airflow/dags/workshop_etl.py for tasks to queue
[2025-11-02T08:48:59.713+0000] {logging_mixin.py:188} INFO - [2025-11-02T08:48:59.712+0000] {dagbag.py:538} INFO - Filling up the DagBag from /opt/airflow/dags/workshop_etl.py
[2025-11-02T08:49:00.084+0000] {processor.py:840} INFO - DAG(s) 'workshop_final_etl' retrieved from /opt/airflow/dags/workshop_etl.py
[2025-11-02T08:49:00.119+0000] {logging_mixin.py:188} INFO - [2025-11-02T08:49:00.118+0000] {dag.py:3036} INFO - Sync 1 DAGs
[2025-11-02T08:49:00.146+0000] {logging_mixin.py:188} INFO - [2025-11-02T08:49:00.146+0000] {dag.py:3823} INFO - Setting next_dagrun for workshop_final_etl to 2025-11-02 00:00:00+00:00, run_after=2025-11-03 00:00:00+00:00
[2025-11-02T08:49:00.178+0000] {processor.py:183} INFO - Processing /opt/airflow/dags/workshop_etl.py took 0.472 seconds
[2025-11-02T08:49:30.427+0000] {processor.py:161} INFO - Started process (PID=416) to work on /opt/airflow/dags/workshop_etl.py
[2025-11-02T08:49:30.429+0000] {processor.py:830} INFO - Processing file /opt/airflow/dags/workshop_etl.py for tasks to queue
[2025-11-02T08:49:30.431+0000] {logging_mixin.py:188} INFO - [2025-11-02T08:49:30.430+0000] {dagbag.py:538} INFO - Filling up the DagBag from /opt/airflow/dags/workshop_etl.py
[2025-11-02T08:49:30.793+0000] {processor.py:840} INFO - DAG(s) 'workshop_final_etl' retrieved from /opt/airflow/dags/workshop_etl.py
[2025-11-02T08:49:30.824+0000] {logging_mixin.py:188} INFO - [2025-11-02T08:49:30.824+0000] {dag.py:3036} INFO - Sync 1 DAGs
[2025-11-02T08:49:30.846+0000] {logging_mixin.py:188} INFO - [2025-11-02T08:49:30.845+0000] {dag.py:3823} INFO - Setting next_dagrun for workshop_final_etl to 2025-11-02 00:00:00+00:00, run_after=2025-11-03 00:00:00+00:00
[2025-11-02T08:49:30.870+0000] {processor.py:183} INFO - Processing /opt/airflow/dags/workshop_etl.py took 0.449 seconds
[2025-11-02T08:50:01.161+0000] {processor.py:161} INFO - Started process (PID=422) to work on /opt/airflow/dags/workshop_etl.py
[2025-11-02T08:50:01.163+0000] {processor.py:830} INFO - Processing file /opt/airflow/dags/workshop_etl.py for tasks to queue
[2025-11-02T08:50:01.164+0000] {logging_mixin.py:188} INFO - [2025-11-02T08:50:01.164+0000] {dagbag.py:538} INFO - Filling up the DagBag from /opt/airflow/dags/workshop_etl.py
[2025-11-02T08:50:01.519+0000] {processor.py:840} INFO - DAG(s) 'workshop_final_etl' retrieved from /opt/airflow/dags/workshop_etl.py
[2025-11-02T08:50:01.552+0000] {logging_mixin.py:188} INFO - [2025-11-02T08:50:01.552+0000] {dag.py:3036} INFO - Sync 1 DAGs
[2025-11-02T08:50:01.580+0000] {logging_mixin.py:188} INFO - [2025-11-02T08:50:01.580+0000] {dag.py:3823} INFO - Setting next_dagrun for workshop_final_etl to 2025-11-02 00:00:00+00:00, run_after=2025-11-03 00:00:00+00:00
[2025-11-02T08:50:01.605+0000] {processor.py:183} INFO - Processing /opt/airflow/dags/workshop_etl.py took 0.449 seconds
[2025-11-02T08:50:31.907+0000] {processor.py:161} INFO - Started process (PID=428) to work on /opt/airflow/dags/workshop_etl.py
[2025-11-02T08:50:31.909+0000] {processor.py:830} INFO - Processing file /opt/airflow/dags/workshop_etl.py for tasks to queue
[2025-11-02T08:50:31.911+0000] {logging_mixin.py:188} INFO - [2025-11-02T08:50:31.910+0000] {dagbag.py:538} INFO - Filling up the DagBag from /opt/airflow/dags/workshop_etl.py
[2025-11-02T08:50:32.568+0000] {processor.py:840} INFO - DAG(s) 'workshop_final_etl' retrieved from /opt/airflow/dags/workshop_etl.py
[2025-11-02T08:50:32.632+0000] {logging_mixin.py:188} INFO - [2025-11-02T08:50:32.631+0000] {dag.py:3036} INFO - Sync 1 DAGs
[2025-11-02T08:50:32.670+0000] {logging_mixin.py:188} INFO - [2025-11-02T08:50:32.669+0000] {dag.py:3823} INFO - Setting next_dagrun for workshop_final_etl to 2025-11-02 00:00:00+00:00, run_after=2025-11-03 00:00:00+00:00
[2025-11-02T08:50:32.710+0000] {processor.py:183} INFO - Processing /opt/airflow/dags/workshop_etl.py took 0.809 seconds
[2025-11-02T08:51:03.026+0000] {processor.py:161} INFO - Started process (PID=434) to work on /opt/airflow/dags/workshop_etl.py
[2025-11-02T08:51:03.028+0000] {processor.py:830} INFO - Processing file /opt/airflow/dags/workshop_etl.py for tasks to queue
[2025-11-02T08:51:03.030+0000] {logging_mixin.py:188} INFO - [2025-11-02T08:51:03.029+0000] {dagbag.py:538} INFO - Filling up the DagBag from /opt/airflow/dags/workshop_etl.py
[2025-11-02T08:51:03.489+0000] {processor.py:840} INFO - DAG(s) 'workshop_final_etl' retrieved from /opt/airflow/dags/workshop_etl.py
[2025-11-02T08:51:03.531+0000] {logging_mixin.py:188} INFO - [2025-11-02T08:51:03.530+0000] {dag.py:3036} INFO - Sync 1 DAGs
[2025-11-02T08:51:03.570+0000] {logging_mixin.py:188} INFO - [2025-11-02T08:51:03.570+0000] {dag.py:3823} INFO - Setting next_dagrun for workshop_final_etl to 2025-11-02 00:00:00+00:00, run_after=2025-11-03 00:00:00+00:00
[2025-11-02T08:51:03.607+0000] {processor.py:183} INFO - Processing /opt/airflow/dags/workshop_etl.py took 0.585 seconds
[2025-11-02T08:51:33.896+0000] {processor.py:161} INFO - Started process (PID=440) to work on /opt/airflow/dags/workshop_etl.py
[2025-11-02T08:51:33.898+0000] {processor.py:830} INFO - Processing file /opt/airflow/dags/workshop_etl.py for tasks to queue
[2025-11-02T08:51:33.899+0000] {logging_mixin.py:188} INFO - [2025-11-02T08:51:33.899+0000] {dagbag.py:538} INFO - Filling up the DagBag from /opt/airflow/dags/workshop_etl.py
[2025-11-02T08:51:34.315+0000] {processor.py:840} INFO - DAG(s) 'workshop_final_etl' retrieved from /opt/airflow/dags/workshop_etl.py
[2025-11-02T08:51:34.346+0000] {logging_mixin.py:188} INFO - [2025-11-02T08:51:34.345+0000] {dag.py:3036} INFO - Sync 1 DAGs
[2025-11-02T08:51:34.375+0000] {logging_mixin.py:188} INFO - [2025-11-02T08:51:34.375+0000] {dag.py:3823} INFO - Setting next_dagrun for workshop_final_etl to 2025-11-02 00:00:00+00:00, run_after=2025-11-03 00:00:00+00:00
[2025-11-02T08:51:34.404+0000] {processor.py:183} INFO - Processing /opt/airflow/dags/workshop_etl.py took 0.511 seconds
[2025-11-02T08:52:04.543+0000] {processor.py:161} INFO - Started process (PID=446) to work on /opt/airflow/dags/workshop_etl.py
[2025-11-02T08:52:04.545+0000] {processor.py:830} INFO - Processing file /opt/airflow/dags/workshop_etl.py for tasks to queue
[2025-11-02T08:52:04.547+0000] {logging_mixin.py:188} INFO - [2025-11-02T08:52:04.546+0000] {dagbag.py:538} INFO - Filling up the DagBag from /opt/airflow/dags/workshop_etl.py
[2025-11-02T08:52:04.913+0000] {processor.py:840} INFO - DAG(s) 'workshop_final_etl' retrieved from /opt/airflow/dags/workshop_etl.py
[2025-11-02T08:52:04.942+0000] {logging_mixin.py:188} INFO - [2025-11-02T08:52:04.942+0000] {dag.py:3036} INFO - Sync 1 DAGs
[2025-11-02T08:52:04.962+0000] {logging_mixin.py:188} INFO - [2025-11-02T08:52:04.962+0000] {dag.py:3823} INFO - Setting next_dagrun for workshop_final_etl to 2025-11-02 00:00:00+00:00, run_after=2025-11-03 00:00:00+00:00
[2025-11-02T08:52:04.985+0000] {processor.py:183} INFO - Processing /opt/airflow/dags/workshop_etl.py took 0.446 seconds
[2025-11-02T08:52:35.303+0000] {processor.py:161} INFO - Started process (PID=452) to work on /opt/airflow/dags/workshop_etl.py
[2025-11-02T08:52:35.304+0000] {processor.py:830} INFO - Processing file /opt/airflow/dags/workshop_etl.py for tasks to queue
[2025-11-02T08:52:35.306+0000] {logging_mixin.py:188} INFO - [2025-11-02T08:52:35.305+0000] {dagbag.py:538} INFO - Filling up the DagBag from /opt/airflow/dags/workshop_etl.py
[2025-11-02T08:52:35.700+0000] {processor.py:840} INFO - DAG(s) 'workshop_final_etl' retrieved from /opt/airflow/dags/workshop_etl.py
[2025-11-02T08:52:35.745+0000] {logging_mixin.py:188} INFO - [2025-11-02T08:52:35.745+0000] {dag.py:3036} INFO - Sync 1 DAGs
[2025-11-02T08:52:35.782+0000] {logging_mixin.py:188} INFO - [2025-11-02T08:52:35.782+0000] {dag.py:3823} INFO - Setting next_dagrun for workshop_final_etl to 2025-11-02 00:00:00+00:00, run_after=2025-11-03 00:00:00+00:00
[2025-11-02T08:52:35.815+0000] {processor.py:183} INFO - Processing /opt/airflow/dags/workshop_etl.py took 0.517 seconds
[2025-11-02T08:53:06.111+0000] {processor.py:161} INFO - Started process (PID=458) to work on /opt/airflow/dags/workshop_etl.py
[2025-11-02T08:53:06.113+0000] {processor.py:830} INFO - Processing file /opt/airflow/dags/workshop_etl.py for tasks to queue
[2025-11-02T08:53:06.114+0000] {logging_mixin.py:188} INFO - [2025-11-02T08:53:06.114+0000] {dagbag.py:538} INFO - Filling up the DagBag from /opt/airflow/dags/workshop_etl.py
[2025-11-02T08:53:06.463+0000] {processor.py:840} INFO - DAG(s) 'workshop_final_etl' retrieved from /opt/airflow/dags/workshop_etl.py
[2025-11-02T08:53:06.491+0000] {logging_mixin.py:188} INFO - [2025-11-02T08:53:06.491+0000] {dag.py:3036} INFO - Sync 1 DAGs
[2025-11-02T08:53:06.519+0000] {logging_mixin.py:188} INFO - [2025-11-02T08:53:06.519+0000] {dag.py:3823} INFO - Setting next_dagrun for workshop_final_etl to 2025-11-02 00:00:00+00:00, run_after=2025-11-03 00:00:00+00:00
[2025-11-02T08:53:06.545+0000] {processor.py:183} INFO - Processing /opt/airflow/dags/workshop_etl.py took 0.438 seconds
[2025-11-02T08:53:36.796+0000] {processor.py:161} INFO - Started process (PID=464) to work on /opt/airflow/dags/workshop_etl.py
[2025-11-02T08:53:36.798+0000] {processor.py:830} INFO - Processing file /opt/airflow/dags/workshop_etl.py for tasks to queue
[2025-11-02T08:53:36.799+0000] {logging_mixin.py:188} INFO - [2025-11-02T08:53:36.799+0000] {dagbag.py:538} INFO - Filling up the DagBag from /opt/airflow/dags/workshop_etl.py
[2025-11-02T08:53:37.170+0000] {processor.py:840} INFO - DAG(s) 'workshop_final_etl' retrieved from /opt/airflow/dags/workshop_etl.py
[2025-11-02T08:53:37.195+0000] {logging_mixin.py:188} INFO - [2025-11-02T08:53:37.195+0000] {dag.py:3036} INFO - Sync 1 DAGs
[2025-11-02T08:53:37.219+0000] {logging_mixin.py:188} INFO - [2025-11-02T08:53:37.218+0000] {dag.py:3823} INFO - Setting next_dagrun for workshop_final_etl to 2025-11-02 00:00:00+00:00, run_after=2025-11-03 00:00:00+00:00
[2025-11-02T08:53:37.240+0000] {processor.py:183} INFO - Processing /opt/airflow/dags/workshop_etl.py took 0.448 seconds
[2025-11-02T08:54:07.515+0000] {processor.py:161} INFO - Started process (PID=470) to work on /opt/airflow/dags/workshop_etl.py
[2025-11-02T08:54:07.517+0000] {processor.py:830} INFO - Processing file /opt/airflow/dags/workshop_etl.py for tasks to queue
[2025-11-02T08:54:07.518+0000] {logging_mixin.py:188} INFO - [2025-11-02T08:54:07.518+0000] {dagbag.py:538} INFO - Filling up the DagBag from /opt/airflow/dags/workshop_etl.py
[2025-11-02T08:54:07.831+0000] {processor.py:840} INFO - DAG(s) 'workshop_final_etl' retrieved from /opt/airflow/dags/workshop_etl.py
[2025-11-02T08:54:07.870+0000] {logging_mixin.py:188} INFO - [2025-11-02T08:54:07.869+0000] {dag.py:3036} INFO - Sync 1 DAGs
[2025-11-02T08:54:07.896+0000] {logging_mixin.py:188} INFO - [2025-11-02T08:54:07.896+0000] {dag.py:3823} INFO - Setting next_dagrun for workshop_final_etl to 2025-11-02 00:00:00+00:00, run_after=2025-11-03 00:00:00+00:00
[2025-11-02T08:54:07.919+0000] {processor.py:183} INFO - Processing /opt/airflow/dags/workshop_etl.py took 0.409 seconds
[2025-11-02T08:54:38.477+0000] {processor.py:161} INFO - Started process (PID=476) to work on /opt/airflow/dags/workshop_etl.py
[2025-11-02T08:54:38.479+0000] {processor.py:830} INFO - Processing file /opt/airflow/dags/workshop_etl.py for tasks to queue
[2025-11-02T08:54:38.481+0000] {logging_mixin.py:188} INFO - [2025-11-02T08:54:38.480+0000] {dagbag.py:538} INFO - Filling up the DagBag from /opt/airflow/dags/workshop_etl.py
[2025-11-02T08:54:39.044+0000] {processor.py:840} INFO - DAG(s) 'workshop_final_etl' retrieved from /opt/airflow/dags/workshop_etl.py
[2025-11-02T08:54:39.106+0000] {logging_mixin.py:188} INFO - [2025-11-02T08:54:39.105+0000] {dag.py:3036} INFO - Sync 1 DAGs
[2025-11-02T08:54:39.151+0000] {logging_mixin.py:188} INFO - [2025-11-02T08:54:39.150+0000] {dag.py:3823} INFO - Setting next_dagrun for workshop_final_etl to 2025-11-02 00:00:00+00:00, run_after=2025-11-03 00:00:00+00:00
[2025-11-02T08:54:39.196+0000] {processor.py:183} INFO - Processing /opt/airflow/dags/workshop_etl.py took 0.724 seconds
[2025-11-02T08:55:09.535+0000] {processor.py:161} INFO - Started process (PID=482) to work on /opt/airflow/dags/workshop_etl.py
[2025-11-02T08:55:09.537+0000] {processor.py:830} INFO - Processing file /opt/airflow/dags/workshop_etl.py for tasks to queue
[2025-11-02T08:55:09.538+0000] {logging_mixin.py:188} INFO - [2025-11-02T08:55:09.538+0000] {dagbag.py:538} INFO - Filling up the DagBag from /opt/airflow/dags/workshop_etl.py
[2025-11-02T08:55:09.937+0000] {processor.py:840} INFO - DAG(s) 'workshop_final_etl' retrieved from /opt/airflow/dags/workshop_etl.py
[2025-11-02T08:55:09.973+0000] {logging_mixin.py:188} INFO - [2025-11-02T08:55:09.972+0000] {dag.py:3036} INFO - Sync 1 DAGs
[2025-11-02T08:55:10.000+0000] {logging_mixin.py:188} INFO - [2025-11-02T08:55:09.999+0000] {dag.py:3823} INFO - Setting next_dagrun for workshop_final_etl to 2025-11-02 00:00:00+00:00, run_after=2025-11-03 00:00:00+00:00
[2025-11-02T08:55:10.025+0000] {processor.py:183} INFO - Processing /opt/airflow/dags/workshop_etl.py took 0.493 seconds
[2025-11-02T08:55:40.315+0000] {processor.py:161} INFO - Started process (PID=488) to work on /opt/airflow/dags/workshop_etl.py
[2025-11-02T08:55:40.318+0000] {processor.py:830} INFO - Processing file /opt/airflow/dags/workshop_etl.py for tasks to queue
[2025-11-02T08:55:40.320+0000] {logging_mixin.py:188} INFO - [2025-11-02T08:55:40.319+0000] {dagbag.py:538} INFO - Filling up the DagBag from /opt/airflow/dags/workshop_etl.py
[2025-11-02T08:55:40.724+0000] {processor.py:840} INFO - DAG(s) 'workshop_final_etl' retrieved from /opt/airflow/dags/workshop_etl.py
[2025-11-02T08:55:40.758+0000] {logging_mixin.py:188} INFO - [2025-11-02T08:55:40.758+0000] {dag.py:3036} INFO - Sync 1 DAGs
[2025-11-02T08:55:40.787+0000] {logging_mixin.py:188} INFO - [2025-11-02T08:55:40.787+0000] {dag.py:3823} INFO - Setting next_dagrun for workshop_final_etl to 2025-11-02 00:00:00+00:00, run_after=2025-11-03 00:00:00+00:00
[2025-11-02T08:55:40.814+0000] {processor.py:183} INFO - Processing /opt/airflow/dags/workshop_etl.py took 0.504 seconds
[2025-11-02T08:56:11.193+0000] {processor.py:161} INFO - Started process (PID=494) to work on /opt/airflow/dags/workshop_etl.py
[2025-11-02T08:56:11.194+0000] {processor.py:830} INFO - Processing file /opt/airflow/dags/workshop_etl.py for tasks to queue
[2025-11-02T08:56:11.196+0000] {logging_mixin.py:188} INFO - [2025-11-02T08:56:11.195+0000] {dagbag.py:538} INFO - Filling up the DagBag from /opt/airflow/dags/workshop_etl.py
[2025-11-02T08:56:11.527+0000] {processor.py:840} INFO - DAG(s) 'workshop_final_etl' retrieved from /opt/airflow/dags/workshop_etl.py
[2025-11-02T08:56:11.560+0000] {logging_mixin.py:188} INFO - [2025-11-02T08:56:11.560+0000] {dag.py:3036} INFO - Sync 1 DAGs
[2025-11-02T08:56:11.588+0000] {logging_mixin.py:188} INFO - [2025-11-02T08:56:11.588+0000] {dag.py:3823} INFO - Setting next_dagrun for workshop_final_etl to 2025-11-02 00:00:00+00:00, run_after=2025-11-03 00:00:00+00:00
[2025-11-02T08:56:11.617+0000] {processor.py:183} INFO - Processing /opt/airflow/dags/workshop_etl.py took 0.428 seconds
[2025-11-02T08:56:41.908+0000] {processor.py:161} INFO - Started process (PID=500) to work on /opt/airflow/dags/workshop_etl.py
[2025-11-02T08:56:41.909+0000] {processor.py:830} INFO - Processing file /opt/airflow/dags/workshop_etl.py for tasks to queue
[2025-11-02T08:56:41.910+0000] {logging_mixin.py:188} INFO - [2025-11-02T08:56:41.910+0000] {dagbag.py:538} INFO - Filling up the DagBag from /opt/airflow/dags/workshop_etl.py
[2025-11-02T08:56:42.309+0000] {processor.py:840} INFO - DAG(s) 'workshop_final_etl' retrieved from /opt/airflow/dags/workshop_etl.py
[2025-11-02T08:56:42.345+0000] {logging_mixin.py:188} INFO - [2025-11-02T08:56:42.345+0000] {dag.py:3036} INFO - Sync 1 DAGs
[2025-11-02T08:56:42.377+0000] {logging_mixin.py:188} INFO - [2025-11-02T08:56:42.377+0000] {dag.py:3823} INFO - Setting next_dagrun for workshop_final_etl to 2025-11-02 00:00:00+00:00, run_after=2025-11-03 00:00:00+00:00
[2025-11-02T08:56:42.417+0000] {processor.py:183} INFO - Processing /opt/airflow/dags/workshop_etl.py took 0.513 seconds
